<?xml version="1.0" encoding="UTF-8"?>
<!-- Generated by org.testng.reporters.JUnitXMLReporter -->
<testsuite hostname="DESKTOP-2637JTI" ignored="0" name="ExtractCategories" tests="1" failures="0" timestamp="06 Feb 2020 09:06:29 GMT" time="0.009" errors="0">
  <testcase name="@BeforeTest checkTestCase" time="0.002" classname="unicodeTech.TestSuiteC.ExtractCategories">
    <skipped/>
  </testcase> <!-- @BeforeTest checkTestCase -->
  <testcase name="testExtractCategories" time="0.001" classname="unicodeTech.TestSuiteC.ExtractCategories">
    <skipped/>
  </testcase> <!-- testExtractCategories -->
</testsuite> <!-- ExtractCategories -->
