<?xml version="1.0" encoding="UTF-8"?>
<!-- Generated by org.testng.reporters.JUnitXMLReporter -->
<testsuite hostname="DESKTOP-2637JTI" ignored="0" name="ExtractManufacturer" tests="1" failures="0" timestamp="04 Jan 2020 09:24:04 GMT" time="0.025" errors="0">
  <testcase name="@BeforeTest checkTestCase" time="0.001" classname="unicodeTech.TestSuiteA.ExtractManufacturer">
    <skipped/>
  </testcase> <!-- @BeforeTest checkTestCase -->
  <testcase name="testExtractManufacturer" time="0.017" classname="unicodeTech.TestSuiteA.ExtractManufacturer">
    <skipped/>
  </testcase> <!-- testExtractManufacturer -->
</testsuite> <!-- ExtractManufacturer -->
