<?xml version="1.0" encoding="UTF-8"?>
<!-- Generated by org.testng.reporters.JUnitXMLReporter -->
<testsuite hostname="DESKTOP-2637JTI" ignored="0" name="ExtractManufacturer" tests="1" failures="1" timestamp="21 Jan 2020 10:15:37 GMT" time="0.042" errors="0">
  <testcase name="@BeforeTest checkTestCase" time="0.001" classname="unicodeTech.TestSuiteA.ExtractManufacturer">
    <skipped/>
  </testcase> <!-- @BeforeTest checkTestCase -->
  <testcase name="testExtractManufacturer" time="0.0" classname="unicodeTech.TestSuiteA.ExtractManufacturer">
    <failure type="org.testng.TestNGException" message="
Cannot inject @Test annotated Method [testExtractManufacturer] with [class java.lang.String, class java.lang.String].
For more information on native dependency injection please refer to http://testng.org/doc/documentation-main.html#native-dependency-injection">
      <![CDATA[org.testng.TestNGException: 
Cannot inject @Test annotated Method [testExtractManufacturer] with [class java.lang.String, class java.lang.String].
For more information on native dependency injection please refer to http://testng.org/doc/documentation-main.html#native-dependency-injection
... Removed 24 stack frames]]>
    </failure>
  </testcase> <!-- testExtractManufacturer -->
</testsuite> <!-- ExtractManufacturer -->
