<?xml version="1.0" encoding="UTF-8"?>
<!-- Generated by org.testng.reporters.JUnitXMLReporter -->
<testsuite hostname="DESKTOP-2637JTI" ignored="0" name="Validate User" tests="3" failures="0" timestamp="04 Jan 2020 09:24:03 GMT" time="63.355" errors="0">
  <testcase name="testValidateUser" time="30.925" classname="unicodeTech.TestSuiteA.ValidateUser"/>
  <testcase name="testValidateUser" time="13.81" classname="unicodeTech.TestSuiteA.ValidateUser"/>
  <testcase name="testValidateUser" time="17.577" classname="unicodeTech.TestSuiteA.ValidateUser"/>
</testsuite> <!-- Validate User -->
