<?xml version="1.0" encoding="UTF-8"?>
<!-- Generated by org.testng.reporters.JUnitXMLReporter -->
<testsuite hostname="DESKTOP-2637JTI" ignored="0" name="Validate User" tests="3" failures="0" timestamp="21 Jan 2020 10:15:37 GMT" time="31.971" errors="0">
  <testcase name="testValidateUser" time="14.312" classname="unicodeTech.TestSuiteA.ValidateUser"/>
  <testcase name="testValidateUser" time="9.592" classname="unicodeTech.TestSuiteA.ValidateUser"/>
  <testcase name="testValidateUser" time="7.933" classname="unicodeTech.TestSuiteA.ValidateUser"/>
</testsuite> <!-- Validate User -->
