<?xml version="1.0" encoding="UTF-8"?>
<testng-results skipped="1" failed="0" ignored="0" total="2" passed="1">
  <reporter-output>
  </reporter-output>
  <suite name="C-segment" duration-ms="13047" started-at="2020-02-06T09:06:16Z" finished-at="2020-02-06T09:06:29Z">
    <groups>
    </groups>
    <test name="MenuTesting" duration-ms="13010" started-at="2020-02-06T09:06:16Z" finished-at="2020-02-06T09:06:29Z">
      <class name="unicodeTech.TestSuiteC.MenuTesting">
        <test-method status="PASS" signature="checkTestCase()[pri:0, instance:unicodeTech.TestSuiteC.MenuTesting@b19b79]" name="checkTestCase" is-config="true" duration-ms="0" started-at="2020-02-06T14:36:16Z" finished-at="2020-02-06T14:36:16Z">
          <reporter-output>
          </reporter-output>
        </test-method> <!-- checkTestCase -->
        <test-method status="PASS" signature="testMenuTesting()[pri:0, instance:unicodeTech.TestSuiteC.MenuTesting@b19b79]" name="testMenuTesting" duration-ms="12988" started-at="2020-02-06T14:36:16Z" finished-at="2020-02-06T14:36:29Z">
          <reporter-output>
          </reporter-output>
        </test-method> <!-- testMenuTesting -->
      </class> <!-- unicodeTech.TestSuiteC.MenuTesting -->
    </test> <!-- MenuTesting -->
    <test name="ExtractCategories" duration-ms="9" started-at="2020-02-06T09:06:29Z" finished-at="2020-02-06T09:06:29Z">
      <class name="unicodeTech.TestSuiteC.ExtractCategories">
        <test-method status="PASS" signature="checkTestsuit()[pri:0, instance:unicodeTech.TestSuiteC.ExtractCategories@1706f19]" name="checkTestsuit" is-config="true" duration-ms="7668" started-at="2020-02-06T14:36:08Z" finished-at="2020-02-06T14:36:16Z">
          <reporter-output>
          </reporter-output>
        </test-method> <!-- checkTestsuit -->
        <test-method status="SKIP" signature="checkTestCase()[pri:0, instance:unicodeTech.TestSuiteC.ExtractCategories@1706f19]" name="checkTestCase" is-config="true" duration-ms="2" started-at="2020-02-06T14:36:29Z" finished-at="2020-02-06T14:36:29Z">
          <exception class="org.testng.SkipException">
            <message>
              <![CDATA[Execution mode of the test case ExtractCategories is set to NO]]>
            </message>
            <full-stacktrace>
              <![CDATA[org.testng.SkipException: Execution mode of the test case ExtractCategories is set to NO
	at unicodeTech.TestSuiteC.ExtractCategories.checkTestCase(ExtractCategories.java:16)
	at sun.reflect.NativeMethodAccessorImpl.invoke0(Native Method)
	at sun.reflect.NativeMethodAccessorImpl.invoke(NativeMethodAccessorImpl.java:62)
	at sun.reflect.DelegatingMethodAccessorImpl.invoke(DelegatingMethodAccessorImpl.java:43)
	at java.lang.reflect.Method.invoke(Method.java:498)
	at org.testng.internal.MethodInvocationHelper.invokeMethod(MethodInvocationHelper.java:108)
	at org.testng.internal.Invoker.invokeConfigurationMethod(Invoker.java:523)
	at org.testng.internal.Invoker.invokeConfigurations(Invoker.java:224)
	at org.testng.internal.Invoker.invokeConfigurations(Invoker.java:146)
	at org.testng.TestRunner.beforeRun(TestRunner.java:626)
	at org.testng.TestRunner.run(TestRunner.java:594)
	at org.testng.SuiteRunner.runTest(SuiteRunner.java:380)
	at org.testng.SuiteRunner.runSequentially(SuiteRunner.java:375)
	at org.testng.SuiteRunner.privateRun(SuiteRunner.java:340)
	at org.testng.SuiteRunner.run(SuiteRunner.java:289)
	at org.testng.SuiteRunnerWorker.runSuite(SuiteRunnerWorker.java:52)
	at org.testng.SuiteRunnerWorker.run(SuiteRunnerWorker.java:86)
	at org.testng.TestNG.runSuitesSequentially(TestNG.java:1301)
	at org.testng.TestNG.runSuitesLocally(TestNG.java:1226)
	at org.testng.TestNG.runSuites(TestNG.java:1144)
	at org.testng.TestNG.run(TestNG.java:1115)
	at org.testng.remote.AbstractRemoteTestNG.run(AbstractRemoteTestNG.java:132)
	at org.testng.remote.RemoteTestNG.initAndRun(RemoteTestNG.java:230)
	at org.testng.remote.RemoteTestNG.main(RemoteTestNG.java:76)
]]>
            </full-stacktrace>
          </exception> <!-- org.testng.SkipException -->
          <reporter-output>
          </reporter-output>
        </test-method> <!-- checkTestCase -->
        <test-method status="SKIP" signature="testExtractCategories()[pri:0, instance:unicodeTech.TestSuiteC.ExtractCategories@1706f19]" name="testExtractCategories" duration-ms="1" started-at="2020-02-06T14:36:29Z" finished-at="2020-02-06T14:36:29Z">
          <exception class="org.testng.SkipException">
            <message>
              <![CDATA[Execution mode of the test case ExtractCategories is set to NO]]>
            </message>
            <full-stacktrace>
              <![CDATA[org.testng.SkipException: Execution mode of the test case ExtractCategories is set to NO
	at unicodeTech.TestSuiteC.ExtractCategories.checkTestCase(ExtractCategories.java:16)
	at sun.reflect.NativeMethodAccessorImpl.invoke0(Native Method)
	at sun.reflect.NativeMethodAccessorImpl.invoke(NativeMethodAccessorImpl.java:62)
	at sun.reflect.DelegatingMethodAccessorImpl.invoke(DelegatingMethodAccessorImpl.java:43)
	at java.lang.reflect.Method.invoke(Method.java:498)
	at org.testng.internal.MethodInvocationHelper.invokeMethod(MethodInvocationHelper.java:108)
	at org.testng.internal.Invoker.invokeConfigurationMethod(Invoker.java:523)
	at org.testng.internal.Invoker.invokeConfigurations(Invoker.java:224)
	at org.testng.internal.Invoker.invokeConfigurations(Invoker.java:146)
	at org.testng.TestRunner.beforeRun(TestRunner.java:626)
	at org.testng.TestRunner.run(TestRunner.java:594)
	at org.testng.SuiteRunner.runTest(SuiteRunner.java:380)
	at org.testng.SuiteRunner.runSequentially(SuiteRunner.java:375)
	at org.testng.SuiteRunner.privateRun(SuiteRunner.java:340)
	at org.testng.SuiteRunner.run(SuiteRunner.java:289)
	at org.testng.SuiteRunnerWorker.runSuite(SuiteRunnerWorker.java:52)
	at org.testng.SuiteRunnerWorker.run(SuiteRunnerWorker.java:86)
	at org.testng.TestNG.runSuitesSequentially(TestNG.java:1301)
	at org.testng.TestNG.runSuitesLocally(TestNG.java:1226)
	at org.testng.TestNG.runSuites(TestNG.java:1144)
	at org.testng.TestNG.run(TestNG.java:1115)
	at org.testng.remote.AbstractRemoteTestNG.run(AbstractRemoteTestNG.java:132)
	at org.testng.remote.RemoteTestNG.initAndRun(RemoteTestNG.java:230)
	at org.testng.remote.RemoteTestNG.main(RemoteTestNG.java:76)
]]>
            </full-stacktrace>
          </exception> <!-- org.testng.SkipException -->
          <reporter-output>
          </reporter-output>
        </test-method> <!-- testExtractCategories -->
      </class> <!-- unicodeTech.TestSuiteC.ExtractCategories -->
    </test> <!-- ExtractCategories -->
  </suite> <!-- C-segment -->
</testng-results>
