<?xml version="1.0" encoding="UTF-8"?>
<!-- Generated by org.testng.reporters.JUnitXMLReporter -->
<testsuite hostname="DESKTOP-2637JTI" ignored="0" name="ChangePassword" tests="1" failures="0" timestamp="06 Feb 2020 08:59:11 GMT" time="0.046" errors="0">
  <testcase name="@BeforeTest checkTestCase" time="0.001" classname="unicodeTech.TestSuiteB.ChangePassword">
    <skipped/>
  </testcase> <!-- @BeforeTest checkTestCase -->
  <testcase name="testChangePassword" time="0.018" classname="unicodeTech.TestSuiteB.ChangePassword">
    <skipped/>
  </testcase> <!-- testChangePassword -->
</testsuite> <!-- ChangePassword -->
