<?xml version="1.0" encoding="UTF-8"?>
<!-- Generated by org.testng.reporters.JUnitXMLReporter -->
<testsuite hostname="DESKTOP-2637JTI" ignored="0" name="MenuTesting" tests="1" failures="0" timestamp="06 Feb 2020 08:51:58 GMT" time="0.112" errors="0">
  <testcase name="@BeforeSuite checkTestsuit" time="15.784" classname="unicodeTech.TestSuiteC.ChildTestSuiteC">
    <failure type="java.lang.NullPointerException">
      <![CDATA[java.lang.NullPointerException
	at unicodeTech.utility.ExcelFileReader.totalRow(ExcelFileReader.java:43)
	at unicodeTech.utility.MyMethods.checkTestSuiteExecution(MyMethods.java:38)
	at unicodeTech.TestSuiteC.ChildTestSuiteC.checkTestsuit(ChildTestSuiteC.java:15)
... Removed 19 stack frames]]>
    </failure>
  </testcase> <!-- @BeforeSuite checkTestsuit -->
  <testcase name="@BeforeTest checkTestCase" time="0.0" classname="unicodeTech.TestSuiteC.MenuTesting">
    <skipped/>
  </testcase> <!-- @BeforeTest checkTestCase -->
  <testcase name="testMenuTesting" time="0.051" classname="unicodeTech.TestSuiteC.MenuTesting">
    <skipped/>
  </testcase> <!-- testMenuTesting -->
</testsuite> <!-- MenuTesting -->
